[2021-11-05T16:19:21.021Z] [org.springframework.boot.admin.SpringApplicationAdminMXBeanRegistrar$SpringApplicationAdmin] [RMI TCP Connection(8)-127.0.0.1] [159] [INFO ]Application shutdown requested.
[2021-11-05T16:19:23.023Z] [com.tp.tutorialspoint.TutorialsPointApplication] [main] [17] [INFO ]this is a info message
[2021-11-05T16:19:23.023Z] [com.tp.tutorialspoint.TutorialsPointApplication] [main] [18] [WARN ]this is a warn message
[2021-11-05T16:19:23.023Z] [com.tp.tutorialspoint.TutorialsPointApplication] [main] [19] [ERROR]this is a error message
[2021-11-05T16:19:24.024Z] [org.springframework.boot.StartupInfoLogger] [main] [55] [INFO ]Starting TutorialsPointApplication using Java 17 on INPHWN126586 with PID 14504 (C:\Users\vragawade\Documents\GitHub\spring-boot-tutorialspoint\code\TutorialsPoint\target\classes started by VraGawade in C:\Users\vragawade\Documents\GitHub\spring-boot-tutorialspoint\code\TutorialsPoint)
[2021-11-05T16:19:24.024Z] [org.springframework.boot.SpringApplication] [main] [659] [INFO ]No active profile set, falling back to default profiles: default
[2021-11-05T16:19:25.025Z] [org.springframework.boot.web.embedded.tomcat.TomcatWebServer] [main] [108] [INFO ]Tomcat initialized with port(s): 8088 (http)
[2021-11-05T16:19:25.025Z] [org.apache.juli.logging.DirectJDKLog] [main] [173] [INFO ]Initializing ProtocolHandler ["http-nio-8088"]
[2021-11-05T16:19:25.025Z] [org.apache.juli.logging.DirectJDKLog] [main] [173] [INFO ]Starting service [Tomcat]
[2021-11-05T16:19:25.025Z] [org.apache.juli.logging.DirectJDKLog] [main] [173] [INFO ]Starting Servlet engine: [Apache Tomcat/9.0.54]
[2021-11-05T16:19:25.025Z] [org.apache.juli.logging.DirectJDKLog] [main] [173] [INFO ]Initializing Spring embedded WebApplicationContext
[2021-11-05T16:19:25.025Z] [org.springframework.boot.web.servlet.context.ServletWebServerApplicationContext] [main] [290] [INFO ]Root WebApplicationContext: initialization completed in 860 ms
[2021-11-05T16:19:25.025Z] [org.apache.juli.logging.DirectJDKLog] [main] [173] [INFO ]Starting ProtocolHandler ["http-nio-8088"]
[2021-11-05T16:19:25.025Z] [org.springframework.boot.web.embedded.tomcat.TomcatWebServer] [main] [220] [INFO ]Tomcat started on port(s): 8088 (http) with context path ''
[2021-11-05T16:19:25.025Z] [org.springframework.boot.StartupInfoLogger] [main] [61] [INFO ]Started TutorialsPointApplication in 1.757 seconds (JVM running for 2.534)
[2021-11-05T16:21:25.025Z] [org.springframework.boot.admin.SpringApplicationAdminMXBeanRegistrar$SpringApplicationAdmin] [RMI TCP Connection(9)-127.0.0.1] [159] [INFO ]Application shutdown requested.
[2021-11-05T16:21:27.027Z] [com.tp.tutorialspoint.TutorialsPointApplication] [main] [17] [INFO ]this is a info message
[2021-11-05T16:21:27.027Z] [com.tp.tutorialspoint.TutorialsPointApplication] [main] [18] [WARN ]this is a warn message
[2021-11-05T16:21:27.027Z] [com.tp.tutorialspoint.TutorialsPointApplication] [main] [19] [ERROR]this is a error message
[2021-11-05T16:21:27.027Z] [org.springframework.boot.StartupInfoLogger] [main] [55] [INFO ]Starting TutorialsPointApplication using Java 17 on INPHWN126586 with PID 22340 (C:\Users\vragawade\Documents\GitHub\spring-boot-tutorialspoint\code\TutorialsPoint\target\classes started by VraGawade in C:\Users\vragawade\Documents\GitHub\spring-boot-tutorialspoint\code\TutorialsPoint)
[2021-11-05T16:21:27.027Z] [org.springframework.boot.SpringApplication] [main] [659] [INFO ]No active profile set, falling back to default profiles: default
[2021-11-05T16:21:28.028Z] [org.springframework.boot.web.embedded.tomcat.TomcatWebServer] [main] [108] [INFO ]Tomcat initialized with port(s): 8088 (http)
[2021-11-05T16:21:28.028Z] [org.apache.juli.logging.DirectJDKLog] [main] [173] [INFO ]Initializing ProtocolHandler ["http-nio-8088"]
[2021-11-05T16:21:28.028Z] [org.apache.juli.logging.DirectJDKLog] [main] [173] [INFO ]Starting service [Tomcat]
[2021-11-05T16:21:28.028Z] [org.apache.juli.logging.DirectJDKLog] [main] [173] [INFO ]Starting Servlet engine: [Apache Tomcat/9.0.54]
[2021-11-05T16:21:28.028Z] [org.apache.juli.logging.DirectJDKLog] [main] [173] [INFO ]Initializing Spring embedded WebApplicationContext
[2021-11-05T16:21:28.028Z] [org.springframework.boot.web.servlet.context.ServletWebServerApplicationContext] [main] [290] [INFO ]Root WebApplicationContext: initialization completed in 821 ms
[2021-11-05T16:21:28.028Z] [org.apache.juli.logging.DirectJDKLog] [main] [173] [INFO ]Starting ProtocolHandler ["http-nio-8088"]
[2021-11-05T16:21:28.028Z] [org.springframework.boot.web.embedded.tomcat.TomcatWebServer] [main] [220] [INFO ]Tomcat started on port(s): 8088 (http) with context path ''
[2021-11-05T16:21:28.028Z] [org.springframework.boot.StartupInfoLogger] [main] [61] [INFO ]Started TutorialsPointApplication in 1.535 seconds (JVM running for 2.302)
[2021-11-05T16:25:00.000Z] [org.springframework.boot.admin.SpringApplicationAdminMXBeanRegistrar$SpringApplicationAdmin] [RMI TCP Connection(12)-127.0.0.1] [159] [INFO ]Application shutdown requested.
[2021-11-05T16:25:02.002Z] [com.tp.tutorialspoint.TutorialsPointApplication] [main] [17] [INFO ]this is a info message
[2021-11-05T16:25:02.002Z] [com.tp.tutorialspoint.TutorialsPointApplication] [main] [18] [WARN ]this is a warn message
[2021-11-05T16:25:02.002Z] [com.tp.tutorialspoint.TutorialsPointApplication] [main] [19] [ERROR]this is a error message
[2021-11-05T16:25:02.002Z] [org.springframework.boot.SpringApplication] [main] [843] [ERROR]Application run failed
java.lang.IllegalStateException: java.lang.IllegalStateException: Logback configuration error detected: 
ERROR in ch.qos.logback.core.pattern.parser.Compiler@5ad10c1a - There is no conversion class registered for composite conversion word [clr]
ERROR in ch.qos.logback.core.pattern.parser.Compiler@5ad10c1a - Failed to create converter for [%clr] keyword
ERROR in ch.qos.logback.core.pattern.parser.Compiler@5ad10c1a - There is no conversion class registered for composite conversion word [clr]
ERROR in ch.qos.logback.core.pattern.parser.Compiler@5ad10c1a - Failed to create converter for [%clr] keyword
ERROR in ch.qos.logback.core.pattern.parser.Compiler@5ad10c1a - There is no conversion class registered for composite conversion word [clr]
ERROR in ch.qos.logback.core.pattern.parser.Compiler@5ad10c1a - Failed to create converter for [%clr] keyword
ERROR in ch.qos.logback.core.pattern.parser.Compiler@5ad10c1a - There is no conversion class registered for composite conversion word [clr]
ERROR in ch.qos.logback.core.pattern.parser.Compiler@5ad10c1a - Failed to create converter for [%clr] keyword
ERROR in ch.qos.logback.core.pattern.parser.Compiler@5ad10c1a - There is no conversion class registered for composite conversion word [clr]
ERROR in ch.qos.logback.core.pattern.parser.Compiler@5ad10c1a - Failed to create converter for [%clr] keyword
ERROR in ch.qos.logback.core.pattern.parser.Compiler@5ad10c1a - There is no conversion class registered for composite conversion word [clr]
ERROR in ch.qos.logback.core.pattern.parser.Compiler@5ad10c1a - Failed to create converter for [%clr] keyword
ERROR in ch.qos.logback.core.pattern.parser.Compiler@5ad10c1a - There is no conversion class registered for composite conversion word [clr]
ERROR in ch.qos.logback.core.pattern.parser.Compiler@5ad10c1a - Failed to create converter for [%clr] keyword
ERROR in ch.qos.logback.core.pattern.parser.Compiler@5ad10c1a - There is no conversion class registered for conversion word [wEx]
ERROR in ch.qos.logback.core.pattern.parser.Compiler@5ad10c1a - [wEx] is not a valid conversion word
	at org.springframework.boot.context.logging.LoggingApplicationListener.initializeSystem(LoggingApplicationListener.java:328)
	at org.springframework.boot.context.logging.LoggingApplicationListener.initialize(LoggingApplicationListener.java:282)
	at org.springframework.boot.context.logging.LoggingApplicationListener.onApplicationEnvironmentPreparedEvent(LoggingApplicationListener.java:240)
	at org.springframework.boot.context.logging.LoggingApplicationListener.onApplicationEvent(LoggingApplicationListener.java:216)
	at org.springframework.context.event.SimpleApplicationEventMulticaster.doInvokeListener(SimpleApplicationEventMulticaster.java:176)
	at org.springframework.context.event.SimpleApplicationEventMulticaster.invokeListener(SimpleApplicationEventMulticaster.java:169)
	at org.springframework.context.event.SimpleApplicationEventMulticaster.multicastEvent(SimpleApplicationEventMulticaster.java:143)
	at org.springframework.context.event.SimpleApplicationEventMulticaster.multicastEvent(SimpleApplicationEventMulticaster.java:131)
	at org.springframework.boot.context.event.EventPublishingRunListener.environmentPrepared(EventPublishingRunListener.java:82)
	at org.springframework.boot.SpringApplicationRunListeners.lambda$environmentPrepared$2(SpringApplicationRunListeners.java:63)
	at java.base/java.util.ArrayList.forEach(ArrayList.java:1511)
	at org.springframework.boot.SpringApplicationRunListeners.doWithListeners(SpringApplicationRunListeners.java:117)
	at org.springframework.boot.SpringApplicationRunListeners.doWithListeners(SpringApplicationRunListeners.java:111)
	at org.springframework.boot.SpringApplicationRunListeners.environmentPrepared(SpringApplicationRunListeners.java:62)
	at org.springframework.boot.SpringApplication.prepareEnvironment(SpringApplication.java:374)
	at org.springframework.boot.SpringApplication.run(SpringApplication.java:332)
	at org.springframework.boot.SpringApplication.run(SpringApplication.java:1343)
	at org.springframework.boot.SpringApplication.run(SpringApplication.java:1332)
	at com.tp.tutorialspoint.TutorialsPointApplication.main(TutorialsPointApplication.java:21)
Caused by: java.lang.IllegalStateException: Logback configuration error detected: 
ERROR in ch.qos.logback.core.pattern.parser.Compiler@5ad10c1a - There is no conversion class registered for composite conversion word [clr]
ERROR in ch.qos.logback.core.pattern.parser.Compiler@5ad10c1a - Failed to create converter for [%clr] keyword
ERROR in ch.qos.logback.core.pattern.parser.Compiler@5ad10c1a - There is no conversion class registered for composite conversion word [clr]
ERROR in ch.qos.logback.core.pattern.parser.Compiler@5ad10c1a - Failed to create converter for [%clr] keyword
ERROR in ch.qos.logback.core.pattern.parser.Compiler@5ad10c1a - There is no conversion class registered for composite conversion word [clr]
ERROR in ch.qos.logback.core.pattern.parser.Compiler@5ad10c1a - Failed to create converter for [%clr] keyword
ERROR in ch.qos.logback.core.pattern.parser.Compiler@5ad10c1a - There is no conversion class registered for composite conversion word [clr]
ERROR in ch.qos.logback.core.pattern.parser.Compiler@5ad10c1a - Failed to create converter for [%clr] keyword
ERROR in ch.qos.logback.core.pattern.parser.Compiler@5ad10c1a - There is no conversion class registered for composite conversion word [clr]
ERROR in ch.qos.logback.core.pattern.parser.Compiler@5ad10c1a - Failed to create converter for [%clr] keyword
ERROR in ch.qos.logback.core.pattern.parser.Compiler@5ad10c1a - There is no conversion class registered for composite conversion word [clr]
ERROR in ch.qos.logback.core.pattern.parser.Compiler@5ad10c1a - Failed to create converter for [%clr] keyword
ERROR in ch.qos.logback.core.pattern.parser.Compiler@5ad10c1a - There is no conversion class registered for composite conversion word [clr]
ERROR in ch.qos.logback.core.pattern.parser.Compiler@5ad10c1a - Failed to create converter for [%clr] keyword
ERROR in ch.qos.logback.core.pattern.parser.Compiler@5ad10c1a - There is no conversion class registered for conversion word [wEx]
ERROR in ch.qos.logback.core.pattern.parser.Compiler@5ad10c1a - [wEx] is not a valid conversion word
	at org.springframework.boot.logging.logback.LogbackLoggingSystem.loadConfiguration(LogbackLoggingSystem.java:179)
	at org.springframework.boot.logging.logback.LogbackLoggingSystem.reinitialize(LogbackLoggingSystem.java:232)
	at org.springframework.boot.logging.AbstractLoggingSystem.initializeWithConventions(AbstractLoggingSystem.java:73)
	at org.springframework.boot.logging.AbstractLoggingSystem.initialize(AbstractLoggingSystem.java:60)
	at org.springframework.boot.logging.logback.LogbackLoggingSystem.initialize(LogbackLoggingSystem.java:132)
	at org.springframework.boot.context.logging.LoggingApplicationListener.initializeSystem(LoggingApplicationListener.java:313)
	... 18 common frames omitted
[2021-11-05T16:26:47.047Z] [com.tp.tutorialspoint.TutorialsPointApplication] [main] [17] [INFO ]this is a info message
[2021-11-05T16:26:47.047Z] [com.tp.tutorialspoint.TutorialsPointApplication] [main] [18] [WARN ]this is a warn message
[2021-11-05T16:26:47.047Z] [com.tp.tutorialspoint.TutorialsPointApplication] [main] [19] [ERROR]this is a error message
[2021-11-05T16:26:47.047Z] [org.springframework.boot.SpringApplication] [main] [843] [ERROR]Application run failed
java.lang.IllegalStateException: java.lang.IllegalStateException: Logback configuration error detected: 
ERROR in ch.qos.logback.core.pattern.parser.Compiler@5ad10c1a - There is no conversion class registered for composite conversion word [clr]
ERROR in ch.qos.logback.core.pattern.parser.Compiler@5ad10c1a - Failed to create converter for [%clr] keyword
ERROR in ch.qos.logback.core.pattern.parser.Compiler@5ad10c1a - There is no conversion class registered for composite conversion word [clr]
ERROR in ch.qos.logback.core.pattern.parser.Compiler@5ad10c1a - Failed to create converter for [%clr] keyword
ERROR in ch.qos.logback.core.pattern.parser.Compiler@5ad10c1a - There is no conversion class registered for composite conversion word [clr]
ERROR in ch.qos.logback.core.pattern.parser.Compiler@5ad10c1a - Failed to create converter for [%clr] keyword
ERROR in ch.qos.logback.core.pattern.parser.Compiler@5ad10c1a - There is no conversion class registered for composite conversion word [clr]
ERROR in ch.qos.logback.core.pattern.parser.Compiler@5ad10c1a - Failed to create converter for [%clr] keyword
ERROR in ch.qos.logback.core.pattern.parser.Compiler@5ad10c1a - There is no conversion class registered for composite conversion word [clr]
ERROR in ch.qos.logback.core.pattern.parser.Compiler@5ad10c1a - Failed to create converter for [%clr] keyword
ERROR in ch.qos.logback.core.pattern.parser.Compiler@5ad10c1a - There is no conversion class registered for composite conversion word [clr]
ERROR in ch.qos.logback.core.pattern.parser.Compiler@5ad10c1a - Failed to create converter for [%clr] keyword
ERROR in ch.qos.logback.core.pattern.parser.Compiler@5ad10c1a - There is no conversion class registered for composite conversion word [clr]
ERROR in ch.qos.logback.core.pattern.parser.Compiler@5ad10c1a - Failed to create converter for [%clr] keyword
ERROR in ch.qos.logback.core.pattern.parser.Compiler@5ad10c1a - There is no conversion class registered for conversion word [wEx]
ERROR in ch.qos.logback.core.pattern.parser.Compiler@5ad10c1a - [wEx] is not a valid conversion word
	at org.springframework.boot.context.logging.LoggingApplicationListener.initializeSystem(LoggingApplicationListener.java:328)
	at org.springframework.boot.context.logging.LoggingApplicationListener.initialize(LoggingApplicationListener.java:282)
	at org.springframework.boot.context.logging.LoggingApplicationListener.onApplicationEnvironmentPreparedEvent(LoggingApplicationListener.java:240)
	at org.springframework.boot.context.logging.LoggingApplicationListener.onApplicationEvent(LoggingApplicationListener.java:216)
	at org.springframework.context.event.SimpleApplicationEventMulticaster.doInvokeListener(SimpleApplicationEventMulticaster.java:176)
	at org.springframework.context.event.SimpleApplicationEventMulticaster.invokeListener(SimpleApplicationEventMulticaster.java:169)
	at org.springframework.context.event.SimpleApplicationEventMulticaster.multicastEvent(SimpleApplicationEventMulticaster.java:143)
	at org.springframework.context.event.SimpleApplicationEventMulticaster.multicastEvent(SimpleApplicationEventMulticaster.java:131)
	at org.springframework.boot.context.event.EventPublishingRunListener.environmentPrepared(EventPublishingRunListener.java:82)
	at org.springframework.boot.SpringApplicationRunListeners.lambda$environmentPrepared$2(SpringApplicationRunListeners.java:63)
	at java.base/java.util.ArrayList.forEach(ArrayList.java:1511)
	at org.springframework.boot.SpringApplicationRunListeners.doWithListeners(SpringApplicationRunListeners.java:117)
	at org.springframework.boot.SpringApplicationRunListeners.doWithListeners(SpringApplicationRunListeners.java:111)
	at org.springframework.boot.SpringApplicationRunListeners.environmentPrepared(SpringApplicationRunListeners.java:62)
	at org.springframework.boot.SpringApplication.prepareEnvironment(SpringApplication.java:374)
	at org.springframework.boot.SpringApplication.run(SpringApplication.java:332)
	at org.springframework.boot.SpringApplication.run(SpringApplication.java:1343)
	at org.springframework.boot.SpringApplication.run(SpringApplication.java:1332)
	at com.tp.tutorialspoint.TutorialsPointApplication.main(TutorialsPointApplication.java:21)
Caused by: java.lang.IllegalStateException: Logback configuration error detected: 
ERROR in ch.qos.logback.core.pattern.parser.Compiler@5ad10c1a - There is no conversion class registered for composite conversion word [clr]
ERROR in ch.qos.logback.core.pattern.parser.Compiler@5ad10c1a - Failed to create converter for [%clr] keyword
ERROR in ch.qos.logback.core.pattern.parser.Compiler@5ad10c1a - There is no conversion class registered for composite conversion word [clr]
ERROR in ch.qos.logback.core.pattern.parser.Compiler@5ad10c1a - Failed to create converter for [%clr] keyword
ERROR in ch.qos.logback.core.pattern.parser.Compiler@5ad10c1a - There is no conversion class registered for composite conversion word [clr]
ERROR in ch.qos.logback.core.pattern.parser.Compiler@5ad10c1a - Failed to create converter for [%clr] keyword
ERROR in ch.qos.logback.core.pattern.parser.Compiler@5ad10c1a - There is no conversion class registered for composite conversion word [clr]
ERROR in ch.qos.logback.core.pattern.parser.Compiler@5ad10c1a - Failed to create converter for [%clr] keyword
ERROR in ch.qos.logback.core.pattern.parser.Compiler@5ad10c1a - There is no conversion class registered for composite conversion word [clr]
ERROR in ch.qos.logback.core.pattern.parser.Compiler@5ad10c1a - Failed to create converter for [%clr] keyword
ERROR in ch.qos.logback.core.pattern.parser.Compiler@5ad10c1a - There is no conversion class registered for composite conversion word [clr]
ERROR in ch.qos.logback.core.pattern.parser.Compiler@5ad10c1a - Failed to create converter for [%clr] keyword
ERROR in ch.qos.logback.core.pattern.parser.Compiler@5ad10c1a - There is no conversion class registered for composite conversion word [clr]
ERROR in ch.qos.logback.core.pattern.parser.Compiler@5ad10c1a - Failed to create converter for [%clr] keyword
ERROR in ch.qos.logback.core.pattern.parser.Compiler@5ad10c1a - There is no conversion class registered for conversion word [wEx]
ERROR in ch.qos.logback.core.pattern.parser.Compiler@5ad10c1a - [wEx] is not a valid conversion word
	at org.springframework.boot.logging.logback.LogbackLoggingSystem.loadConfiguration(LogbackLoggingSystem.java:179)
	at org.springframework.boot.logging.logback.LogbackLoggingSystem.reinitialize(LogbackLoggingSystem.java:232)
	at org.springframework.boot.logging.AbstractLoggingSystem.initializeWithConventions(AbstractLoggingSystem.java:73)
	at org.springframework.boot.logging.AbstractLoggingSystem.initialize(AbstractLoggingSystem.java:60)
	at org.springframework.boot.logging.logback.LogbackLoggingSystem.initialize(LogbackLoggingSystem.java:132)
	at org.springframework.boot.context.logging.LoggingApplicationListener.initializeSystem(LoggingApplicationListener.java:313)
	... 18 common frames omitted
[2021-11-05T16:27:32.032Z] [com.tp.tutorialspoint.TutorialsPointApplication] [main] [17] [INFO ]this is a info message
[2021-11-05T16:27:32.032Z] [com.tp.tutorialspoint.TutorialsPointApplication] [main] [18] [WARN ]this is a warn message
[2021-11-05T16:27:32.032Z] [com.tp.tutorialspoint.TutorialsPointApplication] [main] [19] [ERROR]this is a error message
[2021-11-05T16:27:33.033Z] [org.springframework.boot.StartupInfoLogger] [main] [55] [INFO ]Starting TutorialsPointApplication using Java 17 on INPHWN126586 with PID 17840 (C:\Users\vragawade\Documents\GitHub\spring-boot-tutorialspoint\code\TutorialsPoint\target\classes started by VraGawade in C:\Users\vragawade\Documents\GitHub\spring-boot-tutorialspoint\code\TutorialsPoint)
[2021-11-05T16:27:33.033Z] [org.springframework.boot.SpringApplication] [main] [659] [INFO ]No active profile set, falling back to default profiles: default
[2021-11-05T16:27:33.033Z] [org.springframework.boot.web.embedded.tomcat.TomcatWebServer] [main] [108] [INFO ]Tomcat initialized with port(s): 8088 (http)
[2021-11-05T16:27:34.034Z] [org.apache.juli.logging.DirectJDKLog] [main] [173] [INFO ]Initializing ProtocolHandler ["http-nio-8088"]
[2021-11-05T16:27:34.034Z] [org.apache.juli.logging.DirectJDKLog] [main] [173] [INFO ]Starting service [Tomcat]
[2021-11-05T16:27:34.034Z] [org.apache.juli.logging.DirectJDKLog] [main] [173] [INFO ]Starting Servlet engine: [Apache Tomcat/9.0.54]
[2021-11-05T16:27:34.034Z] [org.apache.juli.logging.DirectJDKLog] [main] [173] [INFO ]Initializing Spring embedded WebApplicationContext
[2021-11-05T16:27:34.034Z] [org.springframework.boot.web.servlet.context.ServletWebServerApplicationContext] [main] [290] [INFO ]Root WebApplicationContext: initialization completed in 1011 ms
[2021-11-05T16:27:34.034Z] [org.apache.juli.logging.DirectJDKLog] [main] [173] [INFO ]Starting ProtocolHandler ["http-nio-8088"]
[2021-11-05T16:27:34.034Z] [org.springframework.boot.web.embedded.tomcat.TomcatWebServer] [main] [220] [INFO ]Tomcat started on port(s): 8088 (http) with context path ''
[2021-11-05T16:27:34.034Z] [org.springframework.boot.StartupInfoLogger] [main] [61] [INFO ]Started TutorialsPointApplication in 1.756 seconds (JVM running for 2.552)
